[INFO ] [2022-09-08 15:04:35] (Version:21) - HV000001: Hibernate Validator 6.2.4.Final
[INFO ] [2022-09-08 15:04:36] (ConfigServicePropertySourceLocator:241) - Fetching config from server at : http://${URI_CONFIG_SERVER}:3000
[WARN ] [2022-09-08 15:04:36] (ConfigServicePropertySourceLocator:151) - Could not locate PropertySource: Not enough variable values available to expand 'profile'
[INFO ] [2022-09-08 15:04:36] (CustomerJpaApplication:634) - No active profile set, falling back to 1 default profile: "default"
[INFO ] [2022-09-08 15:04:37] (RepositoryConfigurationDelegate:132) - Bootstrapping Spring Data JPA repositories in DEFAULT mode.
[INFO ] [2022-09-08 15:04:37] (RepositoryConfigurationDelegate:201) - Finished Spring Data repository scanning in 172 ms. Found 2 JPA repository interfaces.
[INFO ] [2022-09-08 15:04:37] (GenericScope:283) - BeanFactory id=071151ec-562c-3749-ac81-bb1feff9f284
[INFO ] [2022-09-08 15:04:38] (TomcatWebServer:108) - Tomcat initialized with port(s): 8080 (http)
[INFO ] [2022-09-08 15:04:38] (Http11NioProtocol:173) - Initializing ProtocolHandler ["http-nio-8080"]
[INFO ] [2022-09-08 15:04:38] (StandardService:173) - Starting service [Tomcat]
[INFO ] [2022-09-08 15:04:38] (StandardEngine:173) - Starting Servlet engine: [Apache Tomcat/9.0.65]
[INFO ] [2022-09-08 15:04:38] ([/]:173) - Initializing Spring embedded WebApplicationContext
[INFO ] [2022-09-08 15:04:38] (ServletWebServerApplicationContext:292) - Root WebApplicationContext: initialization completed in 1882 ms
[ERROR] [2022-09-08 15:04:38] (TomcatStarter:61) - Error starting Tomcat context. Exception: org.springframework.beans.factory.UnsatisfiedDependencyException. Message: Error creating bean with name 'webMvcMetricsFilter' defined in class path resource [org/springframework/boot/actuate/autoconfigure/metrics/web/servlet/WebMvcMetricsAutoConfiguration.class]: Unsatisfied dependency expressed through method 'webMvcMetricsFilter' parameter 0; nested exception is org.springframework.beans.factory.BeanCreationException: Error creating bean with name 'simpleMeterRegistry' defined in class path resource [org/springframework/boot/actuate/autoconfigure/metrics/export/simple/SimpleMetricsExportAutoConfiguration.class]: Initialization of bean failed; nested exception is org.springframework.beans.factory.UnsatisfiedDependencyException: Error creating bean with name 'dataSourcePoolMetadataMeterBinder' defined in class path resource [org/springframework/boot/actuate/autoconfigure/metrics/jdbc/DataSourcePoolMetricsAutoConfiguration$DataSourcePoolMetadataMetricsConfiguration.class]: Unsatisfied dependency expressed through method 'dataSourcePoolMetadataMeterBinder' parameter 0; nested exception is org.springframework.beans.factory.BeanCreationException: Error creating bean with name 'dataSource' defined in class path resource [org/springframework/boot/autoconfigure/jdbc/DataSourceConfiguration$Hikari.class]: Bean instantiation via factory method failed; nested exception is org.springframework.beans.BeanInstantiationException: Failed to instantiate [com.zaxxer.hikari.HikariDataSource]: Factory method 'dataSource' threw exception; nested exception is org.springframework.boot.autoconfigure.jdbc.DataSourceProperties$DataSourceBeanCreationException: Failed to determine a suitable driver class
[INFO ] [2022-09-08 15:04:38] (StandardService:173) - Stopping service [Tomcat]
[WARN ] [2022-09-08 15:04:38] (AnnotationConfigServletWebServerApplicationContext:591) - Exception encountered during context initialization - cancelling refresh attempt: org.springframework.context.ApplicationContextException: Unable to start web server; nested exception is org.springframework.boot.web.server.WebServerException: Unable to start embedded Tomcat
[INFO ] [2022-09-08 15:04:38] (ConditionEvaluationReportLoggingListener:136) - 

Error starting ApplicationContext. To display the conditions report re-run your application with 'debug' enabled.
[ERROR] [2022-09-08 15:04:38] (LoggingFailureAnalysisReporter:40) - 

***************************
APPLICATION FAILED TO START
***************************

Description:

Failed to configure a DataSource: 'url' attribute is not specified and no embedded datasource could be configured.

Reason: Failed to determine a suitable driver class


Action:

Consider the following:
	If you want an embedded database (H2, HSQL or Derby), please put it on the classpath.
	If you have database settings to be loaded from a particular profile you may need to activate it (no profiles are currently active).

